<?xml version="1.0" encoding="UTF-8"?>
<!-- Generated by org.testng.reporters.JUnitXMLReporter -->
<testsuite ignored="0" hostname="DESKTOP-RVE60IM" failures="0" tests="7" name="firefoxTest" time="89.908" errors="0" timestamp="2025-10-05T22:13:45 IST">
  <testcase classname="testscript.LoginTest" name="verifyvalidusernameinvalidpassword" time="8.123"/>
  <testcase classname="testscript.LoginTest" name="verifyvalidusernamevalidpassword" time="9.438">
    <skipped/>
  </testcase> <!-- verifyvalidusernamevalidpassword -->
  <testcase classname="testscript.LoginTest" name="verifyinvalidusernamevalidpassword" time="5.233"/>
  <testcase classname="testscript.LoginTest" name="verifyinvalidusernameinvalidpassword" time="2.786"/>
  <testcase classname="testscript.LoginTest" name="verifyvalidusernamevalidpassword" time="4.073"/>
  <testcase classname="testscript.LoginTest" name="verifyinvalidusernameinvalidpassword" time="1.996"/>
  <testcase classname="testscript.LoginTest" name="verifyinvalidusernameinvalidpassword" time="3.262"/>
</testsuite> <!-- firefoxTest -->
