<?xml version="1.0" encoding="UTF-8"?>
<!-- Generated by org.testng.reporters.JUnitXMLReporter -->
<testsuite ignored="4" hostname="DESKTOP-RVE60IM" failures="0" tests="1" name="Test" time="16.552" errors="0" timestamp="2025-10-05T22:09:35 IST">
  <testcase classname="testscript.LoginTest" name="verifyvalidusernamevalidpassword" time="3.313"/>
  <testcase classname="testscript.LoginTest" name="verifyinvalidusernamevalidpassword" time="0.0">
    <ignored/>
  </testcase> <!-- verifyinvalidusernamevalidpassword -->
  <testcase classname="testscript.LoginTest" name="verifyvalidusernameinvalidpassword" time="0.0">
    <ignored/>
  </testcase> <!-- verifyvalidusernameinvalidpassword -->
  <testcase classname="testscript.HomeTest" name="verifyLogout" time="0.0">
    <ignored/>
  </testcase> <!-- verifyLogout -->
  <testcase classname="testscript.LoginTest" name="verifyinvalidusernameinvalidpassword" time="0.0">
    <ignored/>
  </testcase> <!-- verifyinvalidusernameinvalidpassword -->
</testsuite> <!-- Test -->
