<?xml version="1.0" encoding="UTF-8"?>
<!-- Generated by org.testng.reporters.JUnitXMLReporter -->
<testsuite ignored="1" hostname="DESKTOP-RVE60IM" failures="0" tests="1" name="Default test" time="7.998" errors="0" timestamp="2025-09-22T18:47:42 IST">
  <testcase classname="testscript.NewsTest" name="verifyreturntohome" time="3.917"/>
  <testcase classname="testscript.NewsTest" name="veriftAddnews" time="0.0">
    <ignored/>
  </testcase> <!-- veriftAddnews -->
</testsuite> <!-- Default test -->
