<?xml version="1.0" encoding="UTF-8"?>
<!-- Generated by org.testng.reporters.JUnitXMLReporter -->
<testsuite ignored="3" hostname="DESKTOP-RVE60IM" failures="0" tests="1" name="Default test" time="13.607" errors="0" timestamp="2025-09-30T11:09:02 IST">
  <testcase classname="testscript.LoginTest" name="verifyvalidusernamevalidpassword" time="4.336"/>
  <testcase classname="testscript.LoginTest" name="verifyinvalidusernamevalidpassword" time="0.0">
    <ignored/>
  </testcase> <!-- verifyinvalidusernamevalidpassword -->
  <testcase classname="testscript.LoginTest" name="verifyvalidusernameinvalidpassword" time="0.0">
    <ignored/>
  </testcase> <!-- verifyvalidusernameinvalidpassword -->
  <testcase classname="testscript.LoginTest" name="verifyinvalidusernameinvalidpassword" time="0.0">
    <ignored/>
  </testcase> <!-- verifyinvalidusernameinvalidpassword -->
</testsuite> <!-- Default test -->
